2022-03-26 17:54:31 [main] INFO  i.d.t.configserver.ConfigServer - Starting ConfigServer using Java 11.0.12 on PMP00250 with PID 14191 (/Users/97023r/IdeaProjects/ms-event-demo/config-server/target/classes started by 97023r in /Users/97023r/IdeaProjects/ms-event-demo)
2022-03-26 17:54:31 [background-preinit] INFO  o.h.validator.internal.util.Version - HV000001: Hibernate Validator 6.2.2.Final
2022-03-26 17:54:31 [main] INFO  i.d.t.configserver.ConfigServer - No active profile set, falling back to 1 default profile: "default"
2022-03-26 17:54:32 [main] INFO  o.s.cloud.context.scope.GenericScope - BeanFactory id=0853254a-44d9-39c5-9d8b-e25935adb252
2022-03-26 17:54:32 [main] INFO  o.s.b.w.e.tomcat.TomcatWebServer - Tomcat initialized with port(s): 8888 (http)
2022-03-26 17:54:32 [main] INFO  o.a.coyote.http11.Http11NioProtocol - Initializing ProtocolHandler ["http-nio-8888"]
2022-03-26 17:54:32 [main] INFO  o.a.catalina.core.StandardService - Starting service [Tomcat]
2022-03-26 17:54:32 [main] INFO  o.a.catalina.core.StandardEngine - Starting Servlet engine: [Apache Tomcat/9.0.58]
2022-03-26 17:54:32 [main] INFO  o.a.c.c.C.[Tomcat].[localhost].[/] - Initializing Spring embedded WebApplicationContext
2022-03-26 17:54:32 [main] INFO  o.s.b.w.s.c.ServletWebServerApplicationContext - Root WebApplicationContext: initialization completed in 1088 ms
2022-03-26 17:54:34 [main] INFO  o.a.coyote.http11.Http11NioProtocol - Starting ProtocolHandler ["http-nio-8888"]
2022-03-26 17:54:34 [main] INFO  o.s.b.w.e.tomcat.TomcatWebServer - Tomcat started on port(s): 8888 (http) with context path ''
2022-03-26 17:54:34 [main] INFO  i.d.t.configserver.ConfigServer - Started ConfigServer in 3.747 seconds (JVM running for 4.573)
2022-03-26 17:54:44 [http-nio-8888-exec-1] INFO  o.a.c.c.C.[Tomcat].[localhost].[/] - Initializing Spring DispatcherServlet 'dispatcherServlet'
2022-03-26 17:54:44 [http-nio-8888-exec-1] INFO  o.s.web.servlet.DispatcherServlet - Initializing Servlet 'dispatcherServlet'
2022-03-26 17:54:44 [http-nio-8888-exec-1] INFO  o.s.web.servlet.DispatcherServlet - Completed initialization in 1 ms
2022-03-26 17:54:45 [http-nio-8888-exec-1] INFO  o.s.c.c.s.e.NativeEnvironmentRepository - Adding property source: Config resource 'file [/var/folders/b2/vlsml2fj6v5_ccwl3rlvzzw5cbfg6k/T/config-repo-8243912608137625609/twitter-to-kafka-dev.yml]' via location 'file:/var/folders/b2/vlsml2fj6v5_ccwl3rlvzzw5cbfg6k/T/config-repo-8243912608137625609/'
2022-03-26 17:57:59 [background-preinit] INFO  o.h.validator.internal.util.Version - HV000001: Hibernate Validator 6.2.2.Final
2022-03-26 17:57:59 [main] INFO  i.d.t.configserver.ConfigServer - Starting ConfigServer using Java 11.0.12 on PMP00250 with PID 14534 (/Users/97023r/IdeaProjects/ms-event-demo/config-server/target/classes started by 97023r in /Users/97023r/IdeaProjects/ms-event-demo)
2022-03-26 17:57:59 [main] INFO  i.d.t.configserver.ConfigServer - No active profile set, falling back to 1 default profile: "default"
2022-03-26 17:57:59 [main] INFO  o.s.cloud.context.scope.GenericScope - BeanFactory id=0853254a-44d9-39c5-9d8b-e25935adb252
2022-03-26 17:57:59 [main] INFO  o.s.b.w.e.tomcat.TomcatWebServer - Tomcat initialized with port(s): 8888 (http)
2022-03-26 17:57:59 [main] INFO  o.a.coyote.http11.Http11NioProtocol - Initializing ProtocolHandler ["http-nio-8888"]
2022-03-26 17:57:59 [main] INFO  o.a.catalina.core.StandardService - Starting service [Tomcat]
2022-03-26 17:57:59 [main] INFO  o.a.catalina.core.StandardEngine - Starting Servlet engine: [Apache Tomcat/9.0.58]
2022-03-26 17:58:00 [main] INFO  o.a.c.c.C.[Tomcat].[localhost].[/] - Initializing Spring embedded WebApplicationContext
2022-03-26 17:58:00 [main] INFO  o.s.b.w.s.c.ServletWebServerApplicationContext - Root WebApplicationContext: initialization completed in 951 ms
2022-03-26 17:58:02 [main] INFO  o.a.coyote.http11.Http11NioProtocol - Starting ProtocolHandler ["http-nio-8888"]
2022-03-26 17:58:02 [main] INFO  o.s.b.w.e.tomcat.TomcatWebServer - Tomcat started on port(s): 8888 (http) with context path ''
2022-03-26 17:58:02 [main] INFO  i.d.t.configserver.ConfigServer - Started ConfigServer in 3.418 seconds (JVM running for 4.205)
2022-03-26 17:58:09 [http-nio-8888-exec-1] INFO  o.a.c.c.C.[Tomcat].[localhost].[/] - Initializing Spring DispatcherServlet 'dispatcherServlet'
2022-03-26 17:58:09 [http-nio-8888-exec-1] INFO  o.s.web.servlet.DispatcherServlet - Initializing Servlet 'dispatcherServlet'
2022-03-26 17:58:09 [http-nio-8888-exec-1] INFO  o.s.web.servlet.DispatcherServlet - Completed initialization in 1 ms
2022-03-26 17:58:10 [http-nio-8888-exec-1] INFO  o.s.c.c.s.e.NativeEnvironmentRepository - Adding property source: Config resource 'file [/var/folders/b2/vlsml2fj6v5_ccwl3rlvzzw5cbfg6k/T/config-repo-7234368922400731397/twitter-to-kafka-dev.yml]' via location 'file:/var/folders/b2/vlsml2fj6v5_ccwl3rlvzzw5cbfg6k/T/config-repo-7234368922400731397/'
2022-03-26 18:04:02 [main] INFO  i.d.t.configserver.ConfigServer - Starting ConfigServer using Java 11.0.12 on PMP00250 with PID 14836 (/Users/97023r/IdeaProjects/ms-event-demo/config-server/target/classes started by 97023r in /Users/97023r/IdeaProjects/ms-event-demo)
2022-03-26 18:04:02 [background-preinit] INFO  o.h.validator.internal.util.Version - HV000001: Hibernate Validator 6.2.2.Final
2022-03-26 18:04:02 [main] INFO  i.d.t.configserver.ConfigServer - No active profile set, falling back to 1 default profile: "default"
2022-03-26 18:04:03 [main] INFO  o.s.cloud.context.scope.GenericScope - BeanFactory id=fabf10ef-5ce9-36d1-bcf0-06fd166d932f
2022-03-26 18:04:03 [main] INFO  o.s.b.w.e.tomcat.TomcatWebServer - Tomcat initialized with port(s): 8888 (http)
2022-03-26 18:04:03 [main] INFO  o.a.coyote.http11.Http11NioProtocol - Initializing ProtocolHandler ["http-nio-8888"]
2022-03-26 18:04:03 [main] INFO  o.a.catalina.core.StandardService - Starting service [Tomcat]
2022-03-26 18:04:03 [main] INFO  o.a.catalina.core.StandardEngine - Starting Servlet engine: [Apache Tomcat/9.0.58]
2022-03-26 18:04:03 [main] INFO  o.a.c.c.C.[Tomcat].[localhost].[/] - Initializing Spring embedded WebApplicationContext
2022-03-26 18:04:03 [main] INFO  o.s.b.w.s.c.ServletWebServerApplicationContext - Root WebApplicationContext: initialization completed in 978 ms
2022-03-26 18:04:04 [main] INFO  o.s.s.web.DefaultSecurityFilterChain - Will not secure any request
2022-03-26 18:04:06 [main] INFO  o.a.coyote.http11.Http11NioProtocol - Starting ProtocolHandler ["http-nio-8888"]
2022-03-26 18:04:06 [main] INFO  o.s.b.w.e.tomcat.TomcatWebServer - Tomcat started on port(s): 8888 (http) with context path ''
2022-03-26 18:04:06 [main] INFO  i.d.t.configserver.ConfigServer - Started ConfigServer in 4.402 seconds (JVM running for 5.222)
2022-03-26 18:04:25 [http-nio-8888-exec-1] INFO  o.a.c.c.C.[Tomcat].[localhost].[/] - Initializing Spring DispatcherServlet 'dispatcherServlet'
2022-03-26 18:04:25 [http-nio-8888-exec-1] INFO  o.s.web.servlet.DispatcherServlet - Initializing Servlet 'dispatcherServlet'
2022-03-26 18:04:25 [http-nio-8888-exec-1] INFO  o.s.web.servlet.DispatcherServlet - Completed initialization in 1 ms
2022-03-26 18:04:26 [http-nio-8888-exec-1] INFO  o.s.c.c.s.e.NativeEnvironmentRepository - Adding property source: Config resource 'file [/var/folders/b2/vlsml2fj6v5_ccwl3rlvzzw5cbfg6k/T/config-repo-3549415201952810506/twitter-to-kafka-dev.yml]' via location 'file:/var/folders/b2/vlsml2fj6v5_ccwl3rlvzzw5cbfg6k/T/config-repo-3549415201952810506/'
